<?xml version="1.0" encoding="UTF-8"?>
<testsuite name="Scripts.Login" tests="4" skipped="0" failures="0" errors="0" timestamp="2021-06-19T12:38:46" hostname="360NDCLP150" time="28.275">
  <properties/>
  <testcase name="verifySuccessfulNavigateTo100Comm" classname="Scripts.Login" time="22.203"/>
  <testcase name="verifySignInPage" classname="Scripts.Login" time="0.83"/>
  <testcase name="verifyUserNameAndPasswordIsMandatory" classname="Scripts.Login" time="4.113"/>
  <testcase name="unSuccessfulLogin" classname="Scripts.Login" time="1.121"/>
  <system-out><![CDATA[]]></system-out>
  <system-err><![CDATA[SLF4J: Failed to load class "org.slf4j.impl.StaticLoggerBinder".
SLF4J: Defaulting to no-operation (NOP) logger implementation
SLF4J: See http://www.slf4j.org/codes.html#StaticLoggerBinder for further details.
Jun 19, 2021 6:08:40 PM java.util.prefs.WindowsPreferences <init>
WARNING: Could not open/create prefs root node Software\JavaSoft\Prefs at root 0x80000002. Windows RegCreateKeyEx(...) returned error code 5.
Starting ChromeDriver 91.0.4472.101 (af52a90bf87030dd1523486a1cd3ae25c5d76c9b-refs/branch-heads/4472@{#1462}) on port 15876
Only local connections are allowed.
Please see https://chromedriver.chromium.org/security-considerations for suggestions on keeping ChromeDriver safe.
ChromeDriver was started successfully.
Jun 19, 2021 6:08:45 PM org.openqa.selenium.remote.ProtocolHandshake createSession
INFO: Detected dialect: W3C
]]></system-err>
</testsuite>
